<?xml version="1.0" encoding="UTF-8"?>
<coverage generated="1785268761477" clover="3.2.0">
  <project timestamp="1785268761478" name="All files">
    <metrics statements="33" coveredstatements="33" conditionals="36" coveredconditionals="28" methods="12" coveredmethods="12" elements="81" coveredelements="73" complexity="0" loc="33" ncloc="33" packages="1" files="1" classes="1"/>
    <file name="IncidentBanner.tsx" path="C:\Users\USER\Veritasor-Frontend\src\components\IncidentBanner.tsx">
      <metrics statements="33" coveredstatements="33" conditionals="36" coveredconditionals="28" methods="12" coveredmethods="12"/>
      <line num="14" count="1" type="stmt"/>
      <line num="25" count="2" type="stmt"/>
      <line num="26" count="2" type="stmt"/>
      <line num="27" count="2" type="stmt"/>
      <line num="28" count="2" type="stmt"/>
      <line num="30" count="2" type="cond" truecount="1" falsecount="3"/>
      <line num="31" count="2" type="cond" truecount="3" falsecount="1"/>
      <line num="32" count="1" type="cond" truecount="1" falsecount="3"/>
      <line num="33" count="1" type="cond" truecount="1" falsecount="1"/>
      <line num="37" count="7" type="stmt"/>
      <line num="40" count="7" type="cond" truecount="2" falsecount="0"/>
      <line num="42" count="7" type="stmt"/>
      <line num="43" count="6" type="cond" truecount="2" falsecount="0"/>
      <line num="44" count="2" type="stmt"/>
      <line num="47" count="7" type="stmt"/>
      <line num="48" count="6" type="cond" truecount="2" falsecount="0"/>
      <line num="51" count="2" type="stmt"/>
      <line num="52" count="3" type="stmt"/>
      <line num="53" count="3" type="stmt"/>
      <line num="55" count="2" type="stmt"/>
      <line num="58" count="2" type="stmt"/>
      <line num="59" count="2" type="stmt"/>
      <line num="62" count="7" type="cond" truecount="2" falsecount="0"/>
      <line num="63" count="7" type="cond" truecount="2" falsecount="0"/>
      <line num="65" count="7" type="cond" truecount="4" falsecount="0"/>
      <line num="67" count="7" type="stmt"/>
      <line num="96" count="2" type="stmt"/>
      <line num="106" count="8" type="stmt"/>
      <line num="108" count="8" type="stmt"/>
      <line num="109" count="8" type="cond" truecount="2" falsecount="0"/>
      <line num="112" count="2" type="stmt"/>
      <line num="115" count="6" type="stmt"/>
      <line num="118" count="6" type="stmt"/>
    </file>
  </project>
</coverage>
