{"C:\\Users\\USER\\Veritasor-Frontend\\src\\components\\IncidentBanner.tsx": {"path":"C:\\Users\\USER\\Veritasor-Frontend\\src\\components\\IncidentBanner.tsx","statementMap":{"0":{"start":{"line":14,"column":105},"end":{"line":18,"column":null}},"1":{"start":{"line":25,"column":18},"end":{"line":25,"column":null}},"2":{"start":{"line":26,"column":18},"end":{"line":26,"column":null}},"3":{"start":{"line":27,"column":16},"end":{"line":27,"column":null}},"4":{"start":{"line":28,"column":15},"end":{"line":28,"column":null}},"5":{"start":{"line":30,"column":2},"end":{"line":30,"column":null}},"6":{"start":{"line":30,"column":16},"end":{"line":30,"column":null}},"7":{"start":{"line":31,"column":2},"end":{"line":31,"column":null}},"8":{"start":{"line":31,"column":17},"end":{"line":31,"column":null}},"9":{"start":{"line":32,"column":2},"end":{"line":32,"column":null}},"10":{"start":{"line":32,"column":19},"end":{"line":32,"column":null}},"11":{"start":{"line":33,"column":2},"end":{"line":33,"column":null}},"12":{"start":{"line":37,"column":15},"end":{"line":37,"column":null}},"13":{"start":{"line":40,"column":33},"end":{"line":40,"column":null}},"14":{"start":{"line":42,"column":24},"end":{"line":45,"column":null}},"15":{"start":{"line":43,"column":4},"end":{"line":43,"column":null}},"16":{"start":{"line":43,"column":33},"end":{"line":43,"column":null}},"17":{"start":{"line":44,"column":4},"end":{"line":44,"column":null}},"18":{"start":{"line":47,"column":2},"end":{"line":60,"column":null}},"19":{"start":{"line":48,"column":4},"end":{"line":48,"column":null}},"20":{"start":{"line":48,"column":33},"end":{"line":48,"column":null}},"21":{"start":{"line":51,"column":10},"end":{"line":54,"column":null}},"22":{"start":{"line":52,"column":24},"end":{"line":52,"column":null}},"23":{"start":{"line":53,"column":6},"end":{"line":53,"column":null}},"24":{"start":{"line":55,"column":4},"end":{"line":55,"column":null}},"25":{"start":{"line":58,"column":21},"end":{"line":58,"column":null}},"26":{"start":{"line":59,"column":4},"end":{"line":59,"column":null}},"27":{"start":{"line":59,"column":17},"end":{"line":59,"column":null}},"28":{"start":{"line":62,"column":23},"end":{"line":62,"column":null}},"29":{"start":{"line":63,"column":21},"end":{"line":63,"column":null}},"30":{"start":{"line":65,"column":16},"end":{"line":65,"column":null}},"31":{"start":{"line":67,"column":2},"end":{"line":101,"column":null}},"32":{"start":{"line":96,"column":23},"end":{"line":96,"column":null}},"33":{"start":{"line":106,"column":20},"end":{"line":106,"column":null}},"34":{"start":{"line":108,"column":18},"end":{"line":108,"column":null}},"35":{"start":{"line":108,"column":42},"end":{"line":108,"column":62}},"36":{"start":{"line":109,"column":2},"end":{"line":109,"column":null}},"37":{"start":{"line":109,"column":28},"end":{"line":109,"column":null}},"38":{"start":{"line":112,"column":4},"end":{"line":112,"column":null}},"39":{"start":{"line":112,"column":27},"end":{"line":112,"column":48}},"40":{"start":{"line":115,"column":2},"end":{"line":120,"column":null}},"41":{"start":{"line":118,"column":8},"end":{"line":118,"column":null}}},"fnMap":{"0":{"name":"formatTimeRemaining","decl":{"start":{"line":24,"column":9},"end":{"line":24,"column":29}},"loc":{"start":{"line":24,"column":49},"end":{"line":34,"column":null}},"line":24},"1":{"name":"IncidentItem","decl":{"start":{"line":36,"column":9},"end":{"line":36,"column":22}},"loc":{"start":{"line":36,"column":104},"end":{"line":103,"column":null}},"line":36},"2":{"name":"(anonymous_2)","decl":{"start":{"line":42,"column":44},"end":{"line":42,"column":67}},"loc":{"start":{"line":42,"column":67},"end":{"line":45,"column":3}},"line":42},"3":{"name":"(anonymous_3)","decl":{"start":{"line":47,"column":2},"end":{"line":47,"column":18}},"loc":{"start":{"line":47,"column":18},"end":{"line":60,"column":5}},"line":47},"4":{"name":"(anonymous_4)","decl":{"start":{"line":51,"column":10},"end":{"line":51,"column":28}},"loc":{"start":{"line":51,"column":28},"end":{"line":54,"column":null}},"line":51},"5":{"name":"(anonymous_5)","decl":{"start":{"line":59,"column":4},"end":{"line":59,"column":17}},"loc":{"start":{"line":59,"column":17},"end":{"line":59,"column":null}},"line":59},"6":{"name":"(anonymous_6)","decl":{"start":{"line":96,"column":8},"end":{"line":96,"column":23}},"loc":{"start":{"line":96,"column":23},"end":{"line":96,"column":null}},"line":96},"7":{"name":"IncidentBanner","decl":{"start":{"line":105,"column":24},"end":{"line":105,"column":39}},"loc":{"start":{"line":105,"column":61},"end":{"line":122,"column":null}},"line":105},"8":{"name":"(anonymous_8)","decl":{"start":{"line":108,"column":28},"end":{"line":108,"column":36}},"loc":{"start":{"line":108,"column":42},"end":{"line":108,"column":62}},"line":108},"9":{"name":"dismiss","decl":{"start":{"line":111,"column":11},"end":{"line":111,"column":19}},"loc":{"start":{"line":111,"column":31},"end":{"line":113,"column":null}},"line":111},"10":{"name":"(anonymous_10)","decl":{"start":{"line":112,"column":4},"end":{"line":112,"column":18}},"loc":{"start":{"line":112,"column":27},"end":{"line":112,"column":48}},"line":112},"11":{"name":"(anonymous_11)","decl":{"start":{"line":117,"column":15},"end":{"line":117,"column":20}},"loc":{"start":{"line":118,"column":8},"end":{"line":118,"column":null}},"line":118}},"branchMap":{"0":{"loc":{"start":{"line":30,"column":2},"end":{"line":30,"column":null}},"type":"if","locations":[{"start":{"line":30,"column":2},"end":{"line":30,"column":null}},{"start":{},"end":{}}],"line":30},"1":{"loc":{"start":{"line":30,"column":37},"end":{"line":30,"column":null}},"type":"cond-expr","locations":[{"start":{"line":30,"column":48},"end":{"line":30,"column":54}},{"start":{"line":30,"column":54},"end":{"line":30,"column":null}}],"line":30},"2":{"loc":{"start":{"line":31,"column":2},"end":{"line":31,"column":null}},"type":"if","locations":[{"start":{"line":31,"column":2},"end":{"line":31,"column":null}},{"start":{},"end":{}}],"line":31},"3":{"loc":{"start":{"line":31,"column":40},"end":{"line":31,"column":null}},"type":"cond-expr","locations":[{"start":{"line":31,"column":52},"end":{"line":31,"column":58}},{"start":{"line":31,"column":58},"end":{"line":31,"column":null}}],"line":31},"4":{"loc":{"start":{"line":32,"column":2},"end":{"line":32,"column":null}},"type":"if","locations":[{"start":{"line":32,"column":2},"end":{"line":32,"column":null}},{"start":{},"end":{}}],"line":32},"5":{"loc":{"start":{"line":32,"column":43},"end":{"line":32,"column":null}},"type":"cond-expr","locations":[{"start":{"line":32,"column":57},"end":{"line":32,"column":63}},{"start":{"line":32,"column":63},"end":{"line":32,"column":null}}],"line":32},"6":{"loc":{"start":{"line":33,"column":26},"end":{"line":33,"column":null}},"type":"cond-expr","locations":[{"start":{"line":33,"column":40},"end":{"line":33,"column":46}},{"start":{"line":33,"column":46},"end":{"line":33,"column":null}}],"line":33},"7":{"loc":{"start":{"line":40,"column":33},"end":{"line":40,"column":null}},"type":"binary-expr","locations":[{"start":{"line":40,"column":33},"end":{"line":40,"column":72}},{"start":{"line":40,"column":72},"end":{"line":40,"column":null}}],"line":40},"8":{"loc":{"start":{"line":43,"column":4},"end":{"line":43,"column":null}},"type":"if","locations":[{"start":{"line":43,"column":4},"end":{"line":43,"column":null}},{"start":{},"end":{}}],"line":43},"9":{"loc":{"start":{"line":48,"column":4},"end":{"line":48,"column":null}},"type":"if","locations":[{"start":{"line":48,"column":4},"end":{"line":48,"column":null}},{"start":{},"end":{}}],"line":48},"10":{"loc":{"start":{"line":62,"column":23},"end":{"line":62,"column":null}},"type":"binary-expr","locations":[{"start":{"line":62,"column":23},"end":{"line":62,"column":49}},{"start":{"line":62,"column":49},"end":{"line":62,"column":null}}],"line":62},"11":{"loc":{"start":{"line":63,"column":21},"end":{"line":63,"column":null}},"type":"binary-expr","locations":[{"start":{"line":63,"column":21},"end":{"line":63,"column":47}},{"start":{"line":63,"column":47},"end":{"line":63,"column":null}}],"line":63},"12":{"loc":{"start":{"line":65,"column":16},"end":{"line":65,"column":null}},"type":"cond-expr","locations":[{"start":{"line":65,"column":29},"end":{"line":65,"column":55}},{"start":{"line":65,"column":55},"end":{"line":65,"column":null}}],"line":65},"13":{"loc":{"start":{"line":65,"column":55},"end":{"line":65,"column":null}},"type":"cond-expr","locations":[{"start":{"line":65,"column":70},"end":{"line":65,"column":98}},{"start":{"line":65,"column":98},"end":{"line":65,"column":null}}],"line":65},"14":{"loc":{"start":{"line":69,"column":73},"end":{"line":69,"column":null}},"type":"cond-expr","locations":[{"start":{"line":69,"column":86},"end":{"line":69,"column":116}},{"start":{"line":69,"column":116},"end":{"line":69,"column":null}}],"line":69},"15":{"loc":{"start":{"line":77,"column":7},"end":{"line":80,"column":null}},"type":"binary-expr","locations":[{"start":{"line":77,"column":7},"end":{"line":77,"column":null}},{"start":{"line":78,"column":8},"end":{"line":80,"column":null}}],"line":77},"16":{"loc":{"start":{"line":83,"column":7},"end":{"line":92,"column":null}},"type":"binary-expr","locations":[{"start":{"line":83,"column":7},"end":{"line":83,"column":null}},{"start":{"line":84,"column":8},"end":{"line":92,"column":null}}],"line":83},"17":{"loc":{"start":{"line":109,"column":2},"end":{"line":109,"column":null}},"type":"if","locations":[{"start":{"line":109,"column":2},"end":{"line":109,"column":null}},{"start":{},"end":{}}],"line":109}},"s":{"0":1,"1":2,"2":2,"3":2,"4":2,"5":2,"6":0,"7":2,"8":1,"9":1,"10":0,"11":1,"12":7,"13":7,"14":7,"15":6,"16":4,"17":2,"18":7,"19":6,"20":4,"21":2,"22":3,"23":3,"24":2,"25":2,"26":2,"27":2,"28":7,"29":7,"30":7,"31":7,"32":2,"33":8,"34":8,"35":8,"36":8,"37":2,"38":2,"39":2,"40":6,"41":6},"f":{"0":2,"1":7,"2":6,"3":6,"4":3,"5":2,"6":2,"7":8,"8":8,"9":2,"10":2,"11":6},"b":{"0":[0,2],"1":[0,0],"2":[1,1],"3":[0,1],"4":[0,1],"5":[0,0],"6":[1,0],"7":[7,3],"8":[4,2],"9":[4,2],"10":[7,3],"11":[7,3],"12":[2,5],"13":[1,4],"14":[2,5],"15":[7,2],"16":[7,1],"17":[2,6]},"meta":{"lastBranch":18,"lastFunction":12,"lastStatement":42,"seen":{"s:14:105:18:Infinity":0,"f:24:9:24:29":0,"s:25:18:25:Infinity":1,"s:26:18:26:Infinity":2,"s:27:16:27:Infinity":3,"s:28:15:28:Infinity":4,"b:30:2:30:Infinity:undefined:undefined:undefined:undefined":0,"s:30:2:30:Infinity":5,"s:30:16:30:Infinity":6,"b:30:48:30:54:30:54:30:Infinity":1,"b:31:2:31:Infinity:undefined:undefined:undefined:undefined":2,"s:31:2:31:Infinity":7,"s:31:17:31:Infinity":8,"b:31:52:31:58:31:58:31:Infinity":3,"b:32:2:32:Infinity:undefined:undefined:undefined:undefined":4,"s:32:2:32:Infinity":9,"s:32:19:32:Infinity":10,"b:32:57:32:63:32:63:32:Infinity":5,"s:33:2:33:Infinity":11,"b:33:40:33:46:33:46:33:Infinity":6,"f:36:9:36:22":1,"s:37:15:37:Infinity":12,"s:40:33:40:Infinity":13,"b:40:33:40:72:40:72:40:Infinity":7,"s:42:24:45:Infinity":14,"f:42:44:42:67":2,"b:43:4:43:Infinity:undefined:undefined:undefined:undefined":8,"s:43:4:43:Infinity":15,"s:43:33:43:Infinity":16,"s:44:4:44:Infinity":17,"s:47:2:60:Infinity":18,"f:47:2:47:18":3,"b:48:4:48:Infinity:undefined:undefined:undefined:undefined":9,"s:48:4:48:Infinity":19,"s:48:33:48:Infinity":20,"s:51:10:54:Infinity":21,"f:51:10:51:28":4,"s:52:24:52:Infinity":22,"s:53:6:53:Infinity":23,"s:55:4:55:Infinity":24,"s:58:21:58:Infinity":25,"s:59:4:59:Infinity":26,"f:59:4:59:17":5,"s:59:17:59:Infinity":27,"s:62:23:62:Infinity":28,"b:62:23:62:49:62:49:62:Infinity":10,"s:63:21:63:Infinity":29,"b:63:21:63:47:63:47:63:Infinity":11,"s:65:16:65:Infinity":30,"b:65:29:65:55:65:55:65:Infinity":12,"b:65:70:65:98:65:98:65:Infinity":13,"s:67:2:101:Infinity":31,"b:69:86:69:116:69:116:69:Infinity":14,"b:77:7:77:Infinity:78:8:80:Infinity":15,"b:83:7:83:Infinity:84:8:92:Infinity":16,"f:96:8:96:23":6,"s:96:23:96:Infinity":32,"f:105:24:105:39":7,"s:106:20:106:Infinity":33,"s:108:18:108:Infinity":34,"f:108:28:108:36":8,"s:108:42:108:62":35,"b:109:2:109:Infinity:undefined:undefined:undefined:undefined":17,"s:109:2:109:Infinity":36,"s:109:28:109:Infinity":37,"f:111:11:111:19":9,"s:112:4:112:Infinity":38,"f:112:4:112:18":10,"s:112:27:112:48":39,"s:115:2:120:Infinity":40,"f:117:15:117:20":11,"s:118:8:118:Infinity":41}}}
}
